<?xml version="1.0" encoding="UTF-8"?>
<!-- Generated by org.testng.reporters.JUnitReportReporter -->
<testsuite hostname="LAPTOP-LFU0PBV8" failures="0" tests="1" name="ValidateFunctionality.ValidateGetUserAPI" time="2.450" errors="0" timestamp="2023-10-30T10:31:55 EDT" skipped="0">
  <testcase classname="ValidateFunctionality.ValidateGetUserAPI" name="validateGetUserByID" time="2.450"/>
  <system-out/>
</testsuite> <!-- ValidateFunctionality.ValidateGetUserAPI -->
